app/build/outputs/mapping/debug/seeds.txt
com.sigmapensions.sigmamobileapp.BiometricDataFragment
com.sigmapensions.sigmamobileapp.BiometricDataFragment: BiometricDataFragment()
com.sigmapensions.sigmamobileapp.BiometricDataFragment: void onAttach(android.app.Activity)
com.sigmapensions.sigmamobileapp.BiometricDataFragment: void onCreate(android.os.Bundle)
com.sigmapensions.sigmamobileapp.BiometricDataFragment: android.view.View onCreateView(android.view.LayoutInflater,android.view.ViewGroup,android.os.Bundle)
com.sigmapensions.sigmamobileapp.BiometricDataFragment: void onViewCreated(android.view.View,android.os.Bundle)
com.sigmapensions.sigmamobileapp.BiometricDataFragment: void initializeVariables(android.view.View)
com.sigmapensions.sigmamobileapp.BiometricDataFragment: void presetImages()
com.sigmapensions.sigmamobileapp.BiometricDataFragment: void attachAllListeners()
com.sigmapensions.sigmamobileapp.BiometricDataFragment: void onClick(android.view.View)
com.sigmapensions.sigmamobileapp.BiometricDataFragment$BiometricButtons
com.sigmapensions.sigmamobileapp.BiometricDataFragment$BiometricButtons: void handlePassport()
com.sigmapensions.sigmamobileapp.BiometricDataFragment$BiometricButtons: void handleLeftThumb()
com.sigmapensions.sigmamobileapp.BiometricDataFragment$BiometricButtons: void handleRightThumb()
com.sigmapensions.sigmamobileapp.BiometricDataFragment$BiometricButtons: void handleSignature()
com.sigmapensions.sigmamobileapp.BiometricDataFragment$BiometricButtons: void handleBack()
com.sigmapensions.sigmamobileapp.BiometricDataFragment$BiometricButtons: void handleSubmit()
com.sigmapensions.sigmamobileapp.BuildConfig
com.sigmapensions.sigmamobileapp.BuildConfig: boolean DEBUG
com.sigmapensions.sigmamobileapp.BuildConfig: java.lang.String APPLICATION_ID
com.sigmapensions.sigmamobileapp.BuildConfig: java.lang.String BUILD_TYPE
com.sigmapensions.sigmamobileapp.BuildConfig: java.lang.String FLAVOR
com.sigmapensions.sigmamobileapp.BuildConfig: int VERSION_CODE
com.sigmapensions.sigmamobileapp.BuildConfig: java.lang.String VERSION_NAME
com.sigmapensions.sigmamobileapp.BuildConfig: BuildConfig()
com.sigmapensions.sigmamobileapp.ConfirmationPage
com.sigmapensions.sigmamobileapp.ConfirmationPage: ConfirmationPage()
com.sigmapensions.sigmamobileapp.ConfirmationPage: void initializeVariables()
com.sigmapensions.sigmamobileapp.ConfirmationPage: void setCollectedValues()
com.sigmapensions.sigmamobileapp.ConfirmationPage: void submitToPencom(android.content.Context)
com.sigmapensions.sigmamobileapp.ConfirmationPage$1
com.sigmapensions.sigmamobileapp.ConfirmationPage$1: void onClick(android.view.View)
com.sigmapensions.sigmamobileapp.ConfirmationPage$2
com.sigmapensions.sigmamobileapp.ConfirmationPage$2: void onClick(android.view.View)
com.sigmapensions.sigmamobileapp.ConfirmationPage$3
com.sigmapensions.sigmamobileapp.ConfirmationPage$3: void onClick(android.view.View)
com.sigmapensions.sigmamobileapp.ConfirmationPage$4
com.sigmapensions.sigmamobileapp.ConfirmationPage$4: void onClick(android.view.View)
com.sigmapensions.sigmamobileapp.ConfirmationPage$5
com.sigmapensions.sigmamobileapp.ConfirmationPage$5: void onClick(android.view.View)
com.sigmapensions.sigmamobileapp.ConfirmationPage$SendAsync
com.sigmapensions.sigmamobileapp.ConfirmationPage$SendAsync$1
com.sigmapensions.sigmamobileapp.ConfirmationPage$SendAsync$1: void run()
...
com.itextpdf.text.xml.XmlToTxt
com.itextpdf.text.xml.XmlToTxt: java.lang.String parse(java.io.InputStream)
com.itextpdf.text.xml.XmlToTxt: java.lang.String toString()
com.itextpdf.text.xml.XmlToTxt: void startElement(java.lang.String,java.util.Map)
com.itextpdf.text.xml.XmlToTxt: void endElement(java.lang.String)
com.itextpdf.text.xml.XmlToTxt: void startDocument()
com.itextpdf.text.xml.XmlToTxt: void endDocument()
com.itextpdf.text.xml.XmlToTxt: void text(java.lang.String)
com.itextpdf.text.xml.simpleparser.EntitiesToSymbol
com.itextpdf.text.xml.simpleparser.EntitiesToSymbol: java.util.Map MAP
com.itextpdf.text.xml.simpleparser.EntitiesToSymbol: EntitiesToSymbol()
com.itextpdf.text.xml.simpleparser.EntitiesToSymbol: com.itextpdf.text.Chunk get(java.lang.String,com.itextpdf.text.Font)
com.itextpdf.text.xml.simpleparser.EntitiesToSymbol: char getCorrespondingSymbol(java.lang.String)
com.itextpdf.text.xml.simpleparser.EntitiesToUnicode
com.itextpdf.text.xml.simpleparser.EntitiesToUnicode: java.util.Map MAP
com.itextpdf.text.xml.simpleparser.EntitiesToUnicode: EntitiesToUnicode()
com.itextpdf.text.xml.simpleparser.EntitiesToUnicode: char decodeEntity(java.lang.String)
com.itextpdf.text.xml.simpleparser.EntitiesToUnicode: java.lang.String decodeString(java.lang.String)
com.itextpdf.text.xml.simpleparser.IanaEncodings
com.itextpdf.text.xml.simpleparser.IanaEncodings: java.util.Map MAP
com.itextpdf.text.xml.simpleparser.IanaEncodings: IanaEncodings()
com.itextpdf.text.xml.simpleparser.IanaEncodings: java.lang.String getJavaEncoding(java.lang.String)
com.itextpdf.text.xml.simpleparser.NewLineHandler
com.itextpdf.text.xml.simpleparser.NewLineHandler: boolean isNewLineTag(java.lang.String)
com.itextpdf.text.xml.simpleparser.SimpleXMLDocHandler
com.itextpdf.text.xml.simpleparser.SimpleXMLDocHandler: void startElement(java.lang.String,java.util.Map)
com.itextpdf.text.xml.simpleparser.SimpleXMLDocHandler: void endElement(java.lang.String)
com.itextpdf.text.xml.simpleparser.SimpleXMLDocHandler: void startDocument()
com.itextpdf.text.xml.simpleparser.SimpleXMLDocHandler: void endDocument()
com.itextpdf.text.xml.simpleparser.SimpleXMLDocHandler: void text(java.lang.String)
com.itextpdf.text.xml.simpleparser.SimpleXMLDocHandlerComment
com.itextpdf.text.xml.simpleparser.SimpleXMLDocHandlerComment: void comment(java.lang.String)
com.itextpdf.text.xml.simpleparser.SimpleXMLParser
com.itextpdf.text.xml.simpleparser.SimpleXMLParser: int UNKNOWN
com.itextpdf.text.xml.simpleparser.SimpleXMLParser: int TEXT
com.itextpdf.text.xml.simpleparser.SimpleXMLParser: int TAG_ENCOUNTERED
com.itextpdf.text.xml.simpleparser.SimpleXMLParser: int EXAMIN_TAG
com.itextpdf.text.xml.simpleparser.SimpleXMLParser: int TAG_EXAMINED
com.itextpdf.text.xml.simpleparser.SimpleXMLParser: int IN_CLOSETAG
com.itextpdf.text.xml.simpleparser.SimpleXMLParser: int SINGLE_TAG
com.itextpdf.text.xml.simpleparser.SimpleXMLParser: int CDATA
com.itextpdf.text.xml.simpleparser.SimpleXMLParser: int COMMENT
com.itextpdf.text.xml.simpleparser.SimpleXMLParser: int PI
com.itextpdf.text.xml.simpleparser.SimpleXMLParser: int ENTITY
com.itextpdf.text.xml.simpleparser.SimpleXMLParser: int QUOTE
com.itextpdf.text.xml.simpleparser.SimpleXMLParser: int ATTRIBUTE_KEY
com.itextpdf.text.xml.simpleparser.SimpleXMLParser: int ATTRIBUTE_EQUAL
com.itextpdf.text.xml.simpleparser.SimpleXMLParser: int ATTRIBUTE_VALUE
com.itextpdf.text.xml.simpleparser.SimpleXMLParser: java.util.Stack stack
com.itextpdf.text.xml.simpleparser.SimpleXMLParser: int character
com.itextpdf.text.xml.simpleparser.SimpleXMLParser: int previousCharacter
com.itextpdf.text.xml.simpleparser.SimpleXMLParser: int lines
com.itextpdf.text.xml.simpleparser.SimpleXMLParser: int columns
com.itextpdf.text.xml.simpleparser.SimpleXMLParser: boolean eol