app/build/outputs/mapping/debug/mapping.txt
com.sigmapensions.sigmamobileapp.BiometricDataFragment -> com.sigmapensions.sigmamobileapp.BiometricDataFragment:
    android.widget.ImageView passport -> a
    android.widget.ImageView leftThumb -> b
    android.widget.ImageView rightThumb -> c
    android.widget.ImageView signature -> d
    android.widget.Button passportButton -> e
    android.widget.Button leftThumbButton -> f
    android.widget.Button rightThumbButton -> g
    android.widget.Button signatureButton -> h
    android.widget.Button bBack -> i
    android.widget.Button submitButton -> j
    com.sigmapensions.sigmamobileapp.BiometricDataFragment$BiometricButtons bb -> k
    android.content.SharedPreferences bPrefs -> l
    android.content.SharedPreferences$Editor editor -> m
    void <init>() -> <init>
    void onAttach(android.app.Activity) -> onAttach
    void onCreate(android.os.Bundle) -> onCreate
    android.view.View onCreateView(android.view.LayoutInflater,android.view.ViewGroup,android.os.Bundle) -> onCreateView
    void onViewCreated(android.view.View,android.os.Bundle) -> onViewCreated
    void initializeVariables(android.view.View) -> initializeVariables
    void presetImages() -> presetImages
    void attachAllListeners() -> attachAllListeners
    void onClick(android.view.View) -> onClick
com.sigmapensions.sigmamobileapp.BiometricDataFragment$BiometricButtons -> com.sigmapensions.sigmamobileapp.BiometricDataFragment$BiometricButtons:
    void handlePassport() -> handlePassport
    void handleLeftThumb() -> handleLeftThumb
    void handleRightThumb() -> handleRightThumb
    void handleSignature() -> handleSignature
    void handleBack() -> handleBack
    void handleSubmit() -> handleSubmit
com.sigmapensions.sigmamobileapp.BuildConfig -> com.sigmapensions.sigmamobileapp.BuildConfig:
    boolean DEBUG -> DEBUG
    java.lang.String APPLICATION_ID -> APPLICATION_ID
    java.lang.String BUILD_TYPE -> BUILD_TYPE
    java.lang.String FLAVOR -> FLAVOR
    int VERSION_CODE -> VERSION_CODE
    java.lang.String VERSION_NAME -> VERSION_NAME
    void <init>() -> <init>
    void <clinit>() -> <clinit>
com.sigmapensions.sigmamobileapp.ConfirmationPage -> com.sigmapensions.sigmamobileapp.ConfirmationPage:
    org.ksoap2.serialization.SoapObject request -> m
    com.sigmapensions.sigmamobileapp.utils.DataClass dc -> n
    com.sigmapensions.sigmamobileapp.utils.NewContributor nc -> o
    com.sigmapensions.sigmamobileapp.MyDialog dialog -> p
    com.sigmapensions.sigmamobileapp.MyProgressDialog progressDialog -> q
    org.ksoap2.transport.HttpTransportSE tp -> r
    org.ksoap2.serialization.SoapSerializationEnvelope env -> s
    android.widget.ImageView passport_confirm -> t
    android.widget.ImageView left_thumb_confirm -> u
    android.widget.ImageView right_thumb_confirm -> v
    android.widget.ImageView signature_confirm -> w
    android.widget.Button back -> x
    android.widget.Button save -> y
    android.widget.TextView control_no_value -> z
    android.widget.TextView account_no_value -> A
    android.widget.TextView title_value -> B
    android.widget.TextView surname_value -> C
    android.widget.TextView first_name_value -> D
    android.widget.TextView middle_name_value -> E
    android.widget.TextView date_of_birth_value -> F
    android.widget.TextView marital_status_value -> G
    android.widget.TextView sex_value -> H
    android.widget.TextView place_of_birth_value -> I
    android.widget.TextView nationality_value -> J
    android.widget.TextView state_of_origin_value -> K
    android.widget.TextView lga_of_origin_value -> L
com.sigmapensions.sigmamobileapp.ConfirmationPage$1 -> com.sigmapensions.sigmamobileapp.ConfirmationPage$1:
    com.sigmapensions.sigmamobileapp.ConfirmationPage this$0 -> a
    void <init>(com.sigmapensions.sigmamobileapp.ConfirmationPage) -> <init>
    void onClick(android.view.View) -> onClick
...
android.support.v7.app.AlertController$AlertParams$2 -> android.support.v7.app.AlertController$AlertParams$2:
    int mLabelIndex -> mLabelIndex
    int mIsCheckedIndex -> mIsCheckedIndex
    android.support.v7.app.AlertController$RecycleListView val$listView -> a
    android.support.v7.app.AlertController val$dialog -> b
    android.support.v7.app.AlertController$AlertParams this$0 -> c
    void <init>(android.support.v7.app.AlertController$AlertParams,android.content.Context,android.database.Cursor,boolean,android.support.v7.app.AlertController$RecycleListView,android.support.v7.app.AlertController) -> <init>
    void bindView(android.view.View,android.content.Context,android.database.Cursor) -> bindView
    android.view.View newView(android.content.Context,android.database.Cursor,android.view.ViewGroup) -> newView
android.support.v7.app.AlertController$AlertParams$3 -> android.support.v7.app.AlertController$AlertParams$3:
    android.support.v7.app.AlertController val$dialog -> a
    android.support.v7.app.AlertController$AlertParams this$0 -> b
    void <init>(android.support.v7.app.AlertController$AlertParams,android.support.v7.app.AlertController) -> <init>
    void onItemClick(android.widget.AdapterView,android.view.View,int,long) -> onItemClick
android.support.v7.app.AlertController$AlertParams$4 -> android.support.v7.app.AlertController$AlertParams$4:
    android.support.v7.app.AlertController$RecycleListView val$listView -> a
    android.support.v7.app.AlertController val$dialog -> b
    android.support.v7.app.AlertController$AlertParams this$0 -> c
    void <init>(android.support.v7.app.AlertController$AlertParams,android.support.v7.app.AlertController$RecycleListView,android.support.v7.app.AlertController) -> <init>
    void onItemClick(android.widget.AdapterView,android.view.View,int,long) -> onItemClick
android.support.v7.app.AlertController$AlertParams$OnPrepareListViewListener -> android.support.v7.app.AlertController$AlertParams$OnPrepareListViewListener:
    void onPrepareListView(android.widget.ListView) -> onPrepareListView
android.support.v7.app.AlertController$ButtonHandler -> android.support.v7.app.AlertController$ButtonHandler:
    int MSG_DISMISS_DIALOG -> MSG_DISMISS_DIALOG
    java.lang.ref.WeakReference mDialog -> mDialog
    void <init>(android.content.DialogInterface) -> <init>
    void handleMessage(android.os.Message) -> handleMessage
android.support.v7.app.AlertController$CheckedItemAdapter -> android.support.v7.app.AlertController$CheckedItemAdapter:
    void <init>(android.content.Context,int,int,java.lang.CharSequence[]) -> <init>
    boolean hasStableIds() -> hasStableIds
    long getItemId(int) -> getItemId
android.support.v7.app.AlertController$RecycleListView -> android.support.v7.app.AlertController$RecycleListView:
    int mPaddingTopNoTitle -> mPaddingTopNoTitle
    int mPaddingBottomNoButtons -> mPaddingBottomNoButtons
    void <init>(android.content.Context) -> <init>
    void <init>(android.content.Context,android.util.AttributeSet) -> <init>
    void setHasDecor(boolean,boolean) -> setHasDecor