app/build/outputs/mapping/debug/usage.txt
com.sigmapensions.sigmamobileapp.ConfirmationPage:
    static final java.lang.String NAMESPACE
    static final java.lang.String METHOD_NAME
    static final java.lang.String URL
    static final java.lang.String SOAP_ACTION
    boolean gotResponse
    java.util.HashMap responseMap
com.sigmapensions.sigmamobileapp.PersonalDataFragment:
    android.widget.Button pd_back
    android.database.sqlite.SQLiteDatabase database
com.sigmapensions.sigmamobileapp.RegisterContributor:
    android.widget.TableLayout personalData
    android.widget.TableLayout nokData
    android.widget.TableLayout employerData
    android.widget.RelativeLayout biometricData
    android.widget.ImageView bottomShadow
com.sigmapensions.sigmamobileapp.SignatureView:
    android.app.Activity activity
...
android.support.v7.widget.Toolbar$LayoutParams:
    static final int CUSTOM
    static final int SYSTEM
    static final int EXPANDED
android.support.v7.widget.ViewBoundsCheck:
    static final int GT
    static final int EQ
    static final int LT
    static final int CVS_PVS_POS
    static final int FLAG_CVS_GT_PVS
    static final int FLAG_CVS_EQ_PVS
    static final int FLAG_CVS_LT_PVS
    static final int CVS_PVE_POS
    static final int FLAG_CVS_GT_PVE
    static final int FLAG_CVS_EQ_PVE
    static final int FLAG_CVS_LT_PVE
    static final int CVE_PVS_POS
    static final int FLAG_CVE_GT_PVS
    static final int FLAG_CVE_EQ_PVS
    static final int FLAG_CVE_LT_PVS
    static final int CVE_PVE_POS
    static final int FLAG_CVE_GT_PVE
    static final int FLAG_CVE_EQ_PVE
    static final int FLAG_CVE_LT_PVE
    static final int MASK
android.support.v7.widget.ViewBoundsCheck$BoundFlags:
    147:148:void setFlags(int,int)
android.support.v7.widget.ViewInfoStore$InfoRecord:
    static final int FLAG_DISAPPEARED
    static final int FLAG_APPEAR
    static final int FLAG_PRE
    static final int FLAG_POST
    static final int FLAG_APPEAR_AND_DISAPPEAR
    static final int FLAG_PRE_AND_POST
    static final int FLAG_APPEAR_PRE_AND_POST
android.support.v7.widget.helper.ItemTouchHelper:
    static final java.lang.String TAG
    static final boolean DEBUG
    static final int ACTIVE_POINTER_ID_NONE
    static final int DIRECTION_FLAG_COUNT
    static final int ACTION_MODE_SWIPE_MASK
    static final int ACTION_MODE_DRAG_MASK
android.support.v7.widget.helper.ItemTouchHelper$Callback:
    static final int RELATIVE_DIR_FLAGS
com.itextpdf.awt.geom.AffineTransform:
    static final int TYPE_UNKNOWN
    static final double ZERO
com.itextpdf.awt.geom.GeneralPath$Iterator:
    111:112:GeneralPath$Iterator(com.itextpdf.awt.geom.GeneralPath,com.itextpdf.awt.geom.GeneralPath)
com.itextpdf.awt.geom.gl.Crossing:
    static final double DELTA
    static final double ROOT_DELTA
    static final int UNKNOWN
com.itextpdf.awt.geom.misc.RenderingHints$Key:
    233:233:protected final int intKey()
com.itextpdf.text.DocWriter:
    308:309:protected void write(java.lang.String)
    319:323:protected void addTabs(int)
    335:341:protected void write(java.lang.String,java.lang.String)
    352:354:protected void writeStart(java.lang.String)
    365:369:protected void writeEnd(java.lang.String)
    378:381:protected void writeEnd()
    392:400:protected boolean writeMarkupAttributes(java.util.Properties)
com.itextpdf.text.ImgCCITT:
    62:63:ImgCCITT(com.itextpdf.text.Image)
com.itextpdf.text.ImgJBIG2:
    65:66:ImgJBIG2(com.itextpdf.text.Image)
com.itextpdf.text.ImgRaw:
    61:62:ImgRaw(com.itextpdf.text.Image)
com.itextpdf.text.ImgTemplate:
    63:64:ImgTemplate(com.itextpdf.text.Image)
com.itextpdf.text.ImgWMF:
    69:70:ImgWMF(com.itextpdf.text.Image)
com.itextpdf.text.Jpeg:
    105:106:Jpeg(com.itextpdf.text.Image)
com.itextpdf.text.Jpeg2000:
    83:84:Jpeg2000(com.itextpdf.text.Image)